[0827/181103.852:ERROR:audio_rtp_receiver.cc(89)] AudioRtpReceiver::OnSetVolume: No audio channel exists.
[0827/181103.852:WARNING:used_ids.h(55)] Duplicate id found. Reassigning from 104 to 127
[0827/181103.853:WARNING:used_ids.h(55)] Duplicate id found. Reassigning from 102 to 125
[0827/181103.853:WARNING:used_ids.h(55)] Duplicate id found. Reassigning from 104 to 124
[0827/181103.853:WARNING:used_ids.h(55)] Duplicate id found. Reassigning from 106 to 123
[0827/181103.853:WARNING:used_ids.h(55)] Duplicate id found. Reassigning from 103 to 122
[0827/181103.853:WARNING:used_ids.h(55)] Duplicate id found. Reassigning from 105 to 121
[0827/181103.853:WARNING:used_ids.h(55)] Duplicate id found. Reassigning from 109 to 120
[0827/181103.858:WARNING:used_ids.h(55)] Duplicate id found. Reassigning from 1 to 14
[0827/181103.858:WARNING:used_ids.h(55)] Duplicate id found. Reassigning from 3 to 13
[0827/181103.858:WARNING:used_ids.h(55)] Duplicate id found. Reassigning from 5 to 12
[0827/181103.858:WARNING:used_ids.h(55)] Duplicate id found. Reassigning from 6 to 11
[0827/181119.228:WARNING:used_ids.h(55)] Duplicate id found. Reassigning from 104 to 127
[0827/181119.228:WARNING:used_ids.h(55)] Duplicate id found. Reassigning from 102 to 125
[0827/181119.228:WARNING:used_ids.h(55)] Duplicate id found. Reassigning from 104 to 124
[0827/181119.228:WARNING:used_ids.h(55)] Duplicate id found. Reassigning from 106 to 123
[0827/181119.228:WARNING:used_ids.h(55)] Duplicate id found. Reassigning from 103 to 122
[0827/181119.228:WARNING:used_ids.h(55)] Duplicate id found. Reassigning from 105 to 121
[0827/181119.228:WARNING:used_ids.h(55)] Duplicate id found. Reassigning from 109 to 120
[0827/181119.228:WARNING:used_ids.h(55)] Duplicate id found. Reassigning from 1 to 14
[0827/181119.228:WARNING:used_ids.h(55)] Duplicate id found. Reassigning from 3 to 13
[0827/181119.228:WARNING:used_ids.h(55)] Duplicate id found. Reassigning from 5 to 12
[0827/181119.228:WARNING:used_ids.h(55)] Duplicate id found. Reassigning from 6 to 11
[0827/181119.229:ERROR:audio_rtp_receiver.cc(89)] AudioRtpReceiver::OnSetVolume: No audio channel exists.
[0827/181129.064:WARNING:used_ids.h(55)] Duplicate id found. Reassigning from 104 to 127
[0827/181129.064:WARNING:used_ids.h(55)] Duplicate id found. Reassigning from 102 to 125
[0827/181129.064:WARNING:used_ids.h(55)] Duplicate id found. Reassigning from 104 to 124
[0827/181129.064:WARNING:used_ids.h(55)] Duplicate id found. Reassigning from 106 to 123
[0827/181129.064:WARNING:used_ids.h(55)] Duplicate id found. Reassigning from 103 to 122
[0827/181129.064:WARNING:used_ids.h(55)] Duplicate id found. Reassigning from 105 to 121
[0827/181129.064:WARNING:used_ids.h(55)] Duplicate id found. Reassigning from 109 to 120
[0827/181129.064:WARNING:used_ids.h(55)] Duplicate id found. Reassigning from 1 to 14
[0827/181129.064:WARNING:used_ids.h(55)] Duplicate id found. Reassigning from 3 to 13
[0827/181129.064:WARNING:used_ids.h(55)] Duplicate id found. Reassigning from 5 to 12
[0827/181129.064:WARNING:used_ids.h(55)] Duplicate id found. Reassigning from 6 to 11
[0827/181129.064:ERROR:audio_rtp_receiver.cc(89)] AudioRtpReceiver::OnSetVolume: No audio channel exists.
[0827/181133.594:ERROR:audio_rtp_receiver.cc(89)] AudioRtpReceiver::OnSetVolume: No audio channel exists.
[0827/181133.594:WARNING:used_ids.h(55)] Duplicate id found. Reassigning from 104 to 127
[0827/181133.594:WARNING:used_ids.h(55)] Duplicate id found. Reassigning from 102 to 125
[0827/181133.594:WARNING:used_ids.h(55)] Duplicate id found. Reassigning from 104 to 124
[0827/181133.594:WARNING:used_ids.h(55)] Duplicate id found. Reassigning from 106 to 123
[0827/181133.594:WARNING:used_ids.h(55)] Duplicate id found. Reassigning from 103 to 122
[0827/181133.594:WARNING:used_ids.h(55)] Duplicate id found. Reassigning from 105 to 121
[0827/181133.594:WARNING:used_ids.h(55)] Duplicate id found. Reassigning from 109 to 120
[0827/181133.594:WARNING:used_ids.h(55)] Duplicate id found. Reassigning from 1 to 14
[0827/181133.594:WARNING:used_ids.h(55)] Duplicate id found. Reassigning from 3 to 13
[0827/181133.594:WARNING:used_ids.h(55)] Duplicate id found. Reassigning from 5 to 12
[0827/181133.594:WARNING:used_ids.h(55)] Duplicate id found. Reassigning from 6 to 11
[0827/181136.816:WARNING:used_ids.h(55)] Duplicate id found. Reassigning from 104 to 127
[0827/181136.816:WARNING:used_ids.h(55)] Duplicate id found. Reassigning from 102 to 125
[0827/181136.816:WARNING:used_ids.h(55)] Duplicate id found. Reassigning from 104 to 124
[0827/181136.816:WARNING:used_ids.h(55)] Duplicate id found. Reassigning from 106 to 123
[0827/181136.816:WARNING:used_ids.h(55)] Duplicate id found. Reassigning from 103 to 122
[0827/181136.816:WARNING:used_ids.h(55)] Duplicate id found. Reassigning from 105 to 121
[0827/181136.816:WARNING:used_ids.h(55)] Duplicate id found. Reassigning from 109 to 120
[0827/181136.816:WARNING:used_ids.h(55)] Duplicate id found. Reassigning from 1 to 14
[0827/181136.816:WARNING:used_ids.h(55)] Duplicate id found. Reassigning from 3 to 13
[0827/181136.816:WARNING:used_ids.h(55)] Duplicate id found. Reassigning from 5 to 12
[0827/181136.816:WARNING:used_ids.h(55)] Duplicate id found. Reassigning from 6 to 11
[0827/181136.816:ERROR:audio_rtp_receiver.cc(89)] AudioRtpReceiver::OnSetVolume: No audio channel exists.
[0827/181202.037:ERROR:batching_media_log.cc(38)] MediaEvent: {"error":"FFmpegDemuxer: no supported streams"}
[0827/181202.037:ERROR:batching_media_log.cc(35)] MediaEvent: {"pipeline_error":14}
[0827/181203.313:ERROR:batching_media_log.cc(38)] MediaEvent: {"error":"FFmpegDemuxer: no supported streams"}
[0827/181203.313:ERROR:batching_media_log.cc(35)] MediaEvent: {"pipeline_error":14}
[0828/164816.918:ERROR:batching_media_log.cc(38)] MediaEvent: {"error":"FFmpegDemuxer: no supported streams"}
[0828/164816.919:ERROR:batching_media_log.cc(35)] MediaEvent: {"pipeline_error":14}
[0828/164816.922:ERROR:batching_media_log.cc(38)] MediaEvent: {"error":"FFmpegDemuxer: no supported streams"}
[0828/164816.922:ERROR:batching_media_log.cc(35)] MediaEvent: {"pipeline_error":14}
[0830/222531.947:ERROR:batching_media_log.cc(38)] MediaEvent: {"error":"FFmpegDemuxer: no supported streams"}
[0830/222531.947:ERROR:batching_media_log.cc(38)] MediaEvent: {"error":"FFmpegDemuxer: no supported streams"}
[0830/222531.947:ERROR:batching_media_log.cc(35)] MediaEvent: {"pipeline_error":14}
[0830/222531.948:ERROR:batching_media_log.cc(35)] MediaEvent: {"pipeline_error":14}
[0907/192135.175:WARNING:spdy_session.cc(3365)] Received HEADERS for invalid stream 9
[0907/192135.265:WARNING:spdy_session.cc(3365)] Received HEADERS for invalid stream 11
[0907/192135.344:WARNING:spdy_session.cc(3365)] Received HEADERS for invalid stream 13
[0907/192135.436:WARNING:spdy_session.cc(3365)] Received HEADERS for invalid stream 15
[0907/192135.486:WARNING:spdy_session.cc(3365)] Received HEADERS for invalid stream 17
[0907/192135.759:WARNING:spdy_session.cc(3365)] Received HEADERS for invalid stream 19
[0907/192135.845:WARNING:spdy_session.cc(3365)] Received HEADERS for invalid stream 21
[0907/192135.901:WARNING:spdy_session.cc(3365)] Received HEADERS for invalid stream 23
[0907/192136.062:WARNING:spdy_session.cc(3365)] Received HEADERS for invalid stream 25
[0907/192136.163:WARNING:spdy_session.cc(3365)] Received HEADERS for invalid stream 27
[0907/192136.261:WARNING:spdy_session.cc(3365)] Received HEADERS for invalid stream 29
[0907/192136.262:WARNING:spdy_session.cc(3365)] Received HEADERS for invalid stream 31
[0907/192136.262:WARNING:spdy_session.cc(3365)] Received HEADERS for invalid stream 33
[0907/192136.262:WARNING:spdy_session.cc(3365)] Received HEADERS for invalid stream 35
[0907/192136.262:WARNING:spdy_session.cc(3365)] Received HEADERS for invalid stream 37
[0907/192136.262:WARNING:spdy_session.cc(3365)] Received HEADERS for invalid stream 39
[0907/192136.262:WARNING:spdy_session.cc(3365)] Received HEADERS for invalid stream 41
[0907/192136.283:WARNING:spdy_session.cc(3365)] Received HEADERS for invalid stream 43
[0907/192136.382:WARNING:spdy_session.cc(3365)] Received HEADERS for invalid stream 45
[0907/192136.540:WARNING:spdy_session.cc(3365)] Received HEADERS for invalid stream 47
[0907/192136.623:WARNING:spdy_session.cc(3365)] Received HEADERS for invalid stream 49
[0907/192136.623:WARNING:spdy_session.cc(3365)] Received HEADERS for invalid stream 51
[0907/192136.623:WARNING:spdy_session.cc(3365)] Received HEADERS for invalid stream 53
[0907/192136.623:WARNING:spdy_session.cc(3365)] Received HEADERS for invalid stream 55
[0907/192136.623:WARNING:spdy_session.cc(3365)] Received HEADERS for invalid stream 57
[0907/192136.623:WARNING:spdy_session.cc(3365)] Received HEADERS for invalid stream 59
[0907/192136.623:WARNING:spdy_session.cc(3365)] Received HEADERS for invalid stream 61
[0907/192136.623:WARNING:spdy_session.cc(3365)] Received HEADERS for invalid stream 63
[0907/192136.623:WARNING:spdy_session.cc(3365)] Received HEADERS for invalid stream 65
[0907/192136.623:WARNING:spdy_session.cc(3365)] Received HEADERS for invalid stream 67
[0907/192136.623:WARNING:spdy_session.cc(3365)] Received HEADERS for invalid stream 69
[0907/192136.623:WARNING:spdy_session.cc(3365)] Received HEADERS for invalid stream 71
[0907/192136.623:WARNING:spdy_session.cc(3365)] Received HEADERS for invalid stream 73
[0907/192136.623:WARNING:spdy_session.cc(3365)] Received HEADERS for invalid stream 75
[0907/192136.623:WARNING:spdy_session.cc(3365)] Received HEADERS for invalid stream 77
[0907/192136.623:WARNING:spdy_session.cc(3365)] Received HEADERS for invalid stream 79
[0907/192136.623:WARNING:spdy_session.cc(3365)] Received HEADERS for invalid stream 81
[0907/192136.624:WARNING:spdy_session.cc(3365)] Received HEADERS for invalid stream 83
[0907/192136.624:WARNING:spdy_session.cc(3365)] Received HEADERS for invalid stream 85
[0907/192136.624:WARNING:spdy_session.cc(3365)] Received HEADERS for invalid stream 87
[0907/192136.624:WARNING:spdy_session.cc(3365)] Received HEADERS for invalid stream 89
[0907/192136.624:WARNING:spdy_session.cc(3365)] Received HEADERS for invalid stream 91
[0907/192136.624:WARNING:spdy_session.cc(3365)] Received HEADERS for invalid stream 93
[0907/192136.624:WARNING:spdy_session.cc(3365)] Received HEADERS for invalid stream 95
[0907/192136.624:WARNING:spdy_session.cc(3365)] Received HEADERS for invalid stream 97
[0907/192136.624:WARNING:spdy_session.cc(3365)] Received HEADERS for invalid stream 99
[0907/192136.624:WARNING:spdy_session.cc(3365)] Received HEADERS for invalid stream 109
[0907/192136.624:WARNING:spdy_session.cc(3365)] Received HEADERS for invalid stream 101
[0907/192136.624:WARNING:spdy_session.cc(3365)] Received HEADERS for invalid stream 103
[0907/192136.624:WARNING:spdy_session.cc(3365)] Received HEADERS for invalid stream 105
[0907/192136.624:WARNING:spdy_session.cc(3365)] Received HEADERS for invalid stream 107
[0907/192136.624:WARNING:spdy_session.cc(3365)] Received HEADERS for invalid stream 111
[0907/192136.624:WARNING:spdy_session.cc(3365)] Received HEADERS for invalid stream 113
[0907/204723.977:WARNING:spdy_session.cc(3365)] Received HEADERS for invalid stream 85
[0907/204724.012:WARNING:spdy_session.cc(3365)] Received HEADERS for invalid stream 87
[0907/204724.059:WARNING:spdy_session.cc(3365)] Received HEADERS for invalid stream 89
[0907/204724.091:WARNING:spdy_session.cc(3365)] Received HEADERS for invalid stream 91
[0907/204724.139:WARNING:spdy_session.cc(3365)] Received HEADERS for invalid stream 93
[0907/204724.168:WARNING:spdy_session.cc(3365)] Received HEADERS for invalid stream 95
[0907/204724.227:WARNING:spdy_session.cc(3365)] Received HEADERS for invalid stream 97
[0907/204724.280:WARNING:spdy_session.cc(3365)] Received HEADERS for invalid stream 99
[0907/212722.564:WARNING:dns_config_service_win.cc(700)] Failed to read DnsConfig.
[0907/212722.580:WARNING:dns_config_service_win.cc(700)] Failed to read DnsConfig.
[0907/212727.569:WARNING:dns_config_service_win.cc(700)] Failed to read DnsConfig.
[0907/212727.589:WARNING:dns_config_service_win.cc(700)] Failed to read DnsConfig.
[0907/212732.573:WARNING:dns_config_service_win.cc(700)] Failed to read DnsConfig.
[0907/212732.591:WARNING:dns_config_service_win.cc(700)] Failed to read DnsConfig.
[0907/212737.591:WARNING:dns_config_service_win.cc(700)] Failed to read DnsConfig.
[0907/212737.594:WARNING:dns_config_service_win.cc(700)] Failed to read DnsConfig.
[0907/212741.982:WARNING:dns_config_service_win.cc(700)] Failed to read DnsConfig.
[0907/212742.017:WARNING:dns_config_service_win.cc(700)] Failed to read DnsConfig.
[0907/212742.065:WARNING:dns_config_service_win.cc(700)] Failed to read DnsConfig.
[0907/212742.065:WARNING:dns_config_service_win.cc(700)] Failed to read DnsConfig.
[0907/212742.596:WARNING:dns_config_service_win.cc(700)] Failed to read DnsConfig.
[0907/212742.598:WARNING:dns_config_service_win.cc(700)] Failed to read DnsConfig.
[0907/212746.998:WARNING:dns_config_service_win.cc(700)] Failed to read DnsConfig.
[0907/212747.019:WARNING:dns_config_service_win.cc(700)] Failed to read DnsConfig.
[0907/212747.067:WARNING:dns_config_service_win.cc(700)] Failed to read DnsConfig.
[0907/212747.075:WARNING:dns_config_service_win.cc(700)] Failed to read DnsConfig.
[0907/212747.599:WARNING:dns_config_service_win.cc(700)] Failed to read DnsConfig.
[0907/212747.609:WARNING:dns_config_service_win.cc(700)] Failed to read DnsConfig.
[0907/212752.009:WARNING:dns_config_service_win.cc(700)] Failed to read DnsConfig.
[0907/212752.022:WARNING:dns_config_service_win.cc(700)] Failed to read DnsConfig.
[0907/212752.070:WARNING:dns_config_service_win.cc(700)] Failed to read DnsConfig.
[0907/212752.082:WARNING:dns_config_service_win.cc(700)] Failed to read DnsConfig.
[0907/212752.603:WARNING:dns_config_service_win.cc(700)] Failed to read DnsConfig.
[0907/212752.618:WARNING:dns_config_service_win.cc(700)] Failed to read DnsConfig.
[0907/212757.025:WARNING:dns_config_service_win.cc(700)] Failed to read DnsConfig.
[0907/212757.025:WARNING:dns_config_service_win.cc(700)] Failed to read DnsConfig.
[0907/212757.075:WARNING:dns_config_service_win.cc(700)] Failed to read DnsConfig.
[0907/212757.084:WARNING:dns_config_service_win.cc(700)] Failed to read DnsConfig.
[0907/212757.607:WARNING:dns_config_service_win.cc(700)] Failed to read DnsConfig.
[0907/212757.635:WARNING:dns_config_service_win.cc(700)] Failed to read DnsConfig.
[0907/212802.027:WARNING:dns_config_service_win.cc(700)] Failed to read DnsConfig.
[0907/212802.040:WARNING:dns_config_service_win.cc(700)] Failed to read DnsConfig.
[0907/212802.078:WARNING:dns_config_service_win.cc(700)] Failed to read DnsConfig.
[0907/212802.100:WARNING:dns_config_service_win.cc(700)] Failed to read DnsConfig.
[0907/212802.610:WARNING:dns_config_service_win.cc(700)] Failed to read DnsConfig.
[0907/212802.652:WARNING:dns_config_service_win.cc(700)] Failed to read DnsConfig.
[0907/212807.030:WARNING:dns_config_service_win.cc(700)] Failed to read DnsConfig.
[0907/212807.054:WARNING:dns_config_service_win.cc(700)] Failed to read DnsConfig.
[0907/212807.082:WARNING:dns_config_service_win.cc(700)] Failed to read DnsConfig.
[0907/212807.115:WARNING:dns_config_service_win.cc(700)] Failed to read DnsConfig.
[0907/212807.612:WARNING:dns_config_service_win.cc(700)] Failed to read DnsConfig.
[0907/212807.665:WARNING:dns_config_service_win.cc(700)] Failed to read DnsConfig.
[0907/212812.033:WARNING:dns_config_service_win.cc(700)] Failed to read DnsConfig.
[0907/212812.070:WARNING:dns_config_service_win.cc(700)] Failed to read DnsConfig.
[0907/212812.085:WARNING:dns_config_service_win.cc(700)] Failed to read DnsConfig.
[0907/212812.130:WARNING:dns_config_service_win.cc(700)] Failed to read DnsConfig.
[0907/212812.615:WARNING:dns_config_service_win.cc(700)] Failed to read DnsConfig.
[0907/212812.682:WARNING:dns_config_service_win.cc(700)] Failed to read DnsConfig.
[0907/212817.035:WARNING:dns_config_service_win.cc(700)] Failed to read DnsConfig.
[0907/212817.074:WARNING:dns_config_service_win.cc(700)] Failed to read DnsConfig.
[0907/212817.091:WARNING:dns_config_service_win.cc(700)] Failed to read DnsConfig.
[0907/212817.134:WARNING:dns_config_service_win.cc(700)] Failed to read DnsConfig.
[0907/212817.618:WARNING:dns_config_service_win.cc(700)] Failed to read DnsConfig.
[0907/212817.687:WARNING:dns_config_service_win.cc(700)] Failed to read DnsConfig.
[0907/212822.040:WARNING:dns_config_service_win.cc(700)] Failed to read DnsConfig.
[0907/212822.082:WARNING:dns_config_service_win.cc(700)] Failed to read DnsConfig.
[0907/212822.093:WARNING:dns_config_service_win.cc(700)] Failed to read DnsConfig.
[0907/212822.143:WARNING:dns_config_service_win.cc(700)] Failed to read DnsConfig.
[0907/212822.621:WARNING:dns_config_service_win.cc(700)] Failed to read DnsConfig.
[0907/212822.692:WARNING:dns_config_service_win.cc(700)] Failed to read DnsConfig.
[0907/212827.042:WARNING:dns_config_service_win.cc(700)] Failed to read DnsConfig.
[0907/212827.097:WARNING:dns_config_service_win.cc(700)] Failed to read DnsConfig.
[0907/212827.097:WARNING:dns_config_service_win.cc(700)] Failed to read DnsConfig.
[0907/212827.160:WARNING:dns_config_service_win.cc(700)] Failed to read DnsConfig.
[0907/212827.623:WARNING:dns_config_service_win.cc(700)] Failed to read DnsConfig.
[0907/212827.711:WARNING:dns_config_service_win.cc(700)] Failed to read DnsConfig.
[0907/212830.610:WARNING:dns_config_service_win.cc(700)] Failed to read DnsConfig.
[0907/212832.045:WARNING:dns_config_service_win.cc(700)] Failed to read DnsConfig.
[0907/212832.100:WARNING:dns_config_service_win.cc(700)] Failed to read DnsConfig.
[0907/212832.106:WARNING:dns_config_service_win.cc(700)] Failed to read DnsConfig.
[0907/212832.168:WARNING:dns_config_service_win.cc(700)] Failed to read DnsConfig.
[0907/212832.627:WARNING:dns_config_service_win.cc(700)] Failed to read DnsConfig.
[0907/212832.721:WARNING:dns_config_service_win.cc(700)] Failed to read DnsConfig.
[0907/212835.613:WARNING:dns_config_service_win.cc(700)] Failed to read DnsConfig.
[0907/212837.047:WARNING:dns_config_service_win.cc(700)] Failed to read DnsConfig.
[0907/212837.103:WARNING:dns_config_service_win.cc(700)] Failed to read DnsConfig.
[0907/212837.115:WARNING:dns_config_service_win.cc(700)] Failed to read DnsConfig.
[0907/212837.176:WARNING:dns_config_service_win.cc(700)] Failed to read DnsConfig.
[0907/212837.629:WARNING:dns_config_service_win.cc(700)] Failed to read DnsConfig.
[0907/212837.727:WARNING:dns_config_service_win.cc(700)] Failed to read DnsConfig.
[0907/212840.615:WARNING:dns_config_service_win.cc(700)] Failed to read DnsConfig.
[0907/212842.051:WARNING:dns_config_service_win.cc(700)] Failed to read DnsConfig.
[0907/212842.106:WARNING:dns_config_service_win.cc(700)] Failed to read DnsConfig.
[0907/212842.125:WARNING:dns_config_service_win.cc(700)] Failed to read DnsConfig.
[0907/212842.185:WARNING:dns_config_service_win.cc(700)] Failed to read DnsConfig.
[0907/212842.631:WARNING:dns_config_service_win.cc(700)] Failed to read DnsConfig.
[0907/212842.735:WARNING:dns_config_service_win.cc(700)] Failed to read DnsConfig.
[0907/212845.617:WARNING:dns_config_service_win.cc(700)] Failed to read DnsConfig.
[0907/212848.636:WARNING:dns_config_service_win.cc(700)] Failed to read DnsConfig.
[0907/212848.657:WARNING:dns_config_service_win.cc(700)] Failed to read DnsConfig.
